<?xml version="1.0" encoding="UTF-8"?>
<!-- Generated by org.testng.reporters.JUnitReportReporter -->
<testsuite hostname="MKOKANE10A" failures="0" tests="1" name="com.prjct.qa.testcases.HomepageTest" time="15.163" errors="0" timestamp="2024-06-26T10:20:39 IST" skipped="0">
  <testcase classname="com.prjct.qa.testcases.HomepageTest" name="clickVerifyFavoritesPageTitile" time="15.163"/>
</testsuite> <!-- com.prjct.qa.testcases.HomepageTest -->
