<?xml version="1.0" encoding="UTF-8"?>
<!-- Generated by org.testng.reporters.JUnitReportReporter -->
<testsuite hostname="MKOKANE10A" failures="0" tests="1" name="com.prjct.qa.testcases.HomepageTest" time="13.536" errors="0" timestamp="2024-06-26T10:23:41 IST" skipped="0">
  <testcase classname="com.prjct.qa.testcases.HomepageTest" name="clickVerifyFavoritesPageTitile" time="13.536"/>
</testsuite> <!-- com.prjct.qa.testcases.HomepageTest -->
