<?xml version="1.0" encoding="UTF-8"?>
<!-- Generated by org.testng.reporters.JUnitReportReporter -->
<testsuite hostname="MKOKANE10A" failures="0" tests="3" name="com.prjct.qa.testcases.LoginpageTest" time="15.670" errors="0" timestamp="2024-06-26T10:23:41 IST" skipped="0">
  <testcase classname="com.prjct.qa.testcases.LoginpageTest" name="loginpagetitletest" time="4.552"/>
  <testcase classname="com.prjct.qa.testcases.LoginpageTest" name="crmlogotest" time="5.596"/>
  <testcase classname="com.prjct.qa.testcases.LoginpageTest" name="loginTest" time="5.522"/>
</testsuite> <!-- com.prjct.qa.testcases.LoginpageTest -->
